{"/home/jeff/projects/personal/kafka-processor-service/src/encryption/crypt.utils.ts": {"path":"/home/jeff/projects/personal/kafka-processor-service/src/encryption/crypt.utils.ts","statementMap":{"0":{"start":{"line":30,"column":9},"end":{"line":30,"column":16}},"1":{"start":{"line":30,"column":18},"end":{"line":30,"column":25}},"2":{"start":{"line":1,"column":0},"end":{"line":1,"column":28}},"3":{"start":{"line":2,"column":0},"end":{"line":2,"column":23}},"4":{"start":{"line":4,"column":18},"end":{"line":4,"column":45}},"5":{"start":{"line":5,"column":21},"end":{"line":5,"column":49}},"6":{"start":{"line":7,"column":18},"end":{"line":7,"column":50}},"7":{"start":{"line":9,"column":0},"end":{"line":11,"column":1}},"8":{"start":{"line":10,"column":4},"end":{"line":10,"column":60}},"9":{"start":{"line":14,"column":15},"end":{"line":14,"column":37}},"10":{"start":{"line":15,"column":19},"end":{"line":15,"column":66}},"11":{"start":{"line":16,"column":22},"end":{"line":16,"column":82}},"12":{"start":{"line":17,"column":4},"end":{"line":17,"column":64}},"13":{"start":{"line":21,"column":30},"end":{"line":21,"column":45}},"14":{"start":{"line":22,"column":13},"end":{"line":22,"column":38}},"15":{"start":{"line":23,"column":24},"end":{"line":23,"column":54}},"16":{"start":{"line":25,"column":19},"end":{"line":25,"column":68}},"17":{"start":{"line":26,"column":20},"end":{"line":26,"column":85}},"18":{"start":{"line":27,"column":2},"end":{"line":27,"column":36}}},"fnMap":{"0":{"name":"encrypt","decl":{"start":{"line":13,"column":9},"end":{"line":13,"column":16}},"loc":{"start":{"line":13,"column":29},"end":{"line":18,"column":1}}},"1":{"name":"decrypt","decl":{"start":{"line":20,"column":9},"end":{"line":20,"column":16}},"loc":{"start":{"line":20,"column":29},"end":{"line":28,"column":1}}}},"branchMap":{"0":{"loc":{"start":{"line":4,"column":18},"end":{"line":4,"column":45}},"type":"binary-expr","locations":[{"start":{"line":4,"column":18},"end":{"line":4,"column":39}},{"start":{"line":4,"column":43},"end":{"line":4,"column":45}}]},"1":{"loc":{"start":{"line":5,"column":21},"end":{"line":5,"column":49}},"type":"binary-expr","locations":[{"start":{"line":5,"column":21},"end":{"line":5,"column":43}},{"start":{"line":5,"column":47},"end":{"line":5,"column":49}}]},"2":{"loc":{"start":{"line":9,"column":0},"end":{"line":11,"column":1}},"type":"if","locations":[{"start":{"line":9,"column":0},"end":{"line":11,"column":1}},{"start":{},"end":{}}]},"3":{"loc":{"start":{"line":9,"column":4},"end":{"line":9,"column":28}},"type":"binary-expr","locations":[{"start":{"line":9,"column":4},"end":{"line":9,"column":14}},{"start":{"line":9,"column":18},"end":{"line":9,"column":28}}]}},"s":{"0":1,"1":1,"2":1,"3":1,"4":1,"5":1,"6":1,"7":1,"8":0,"9":0,"10":0,"11":0,"12":0,"13":0,"14":0,"15":0,"16":0,"17":0,"18":0},"f":{"0":0,"1":0},"b":{"0":[1,0],"1":[1,0],"2":[0,1],"3":[1,1]}}
,"/home/jeff/projects/personal/kafka-processor-service/src/encryption/index.ts": {"path":"/home/jeff/projects/personal/kafka-processor-service/src/encryption/index.ts","statementMap":{"0":{"start":{"line":1,"column":0},"end":{"line":1,"column":49}},"1":{"start":{"line":5,"column":8},"end":{"line":5,"column":29}},"2":{"start":{"line":9,"column":8},"end":{"line":9,"column":29}},"3":{"start":{"line":3,"column":0},"end":{"line":3,"column":13}}},"fnMap":{"0":{"name":"(anonymous_0)","decl":{"start":{"line":4,"column":4},"end":{"line":4,"column":10}},"loc":{"start":{"line":4,"column":31},"end":{"line":6,"column":5}}},"1":{"name":"(anonymous_1)","decl":{"start":{"line":8,"column":4},"end":{"line":8,"column":10}},"loc":{"start":{"line":8,"column":31},"end":{"line":10,"column":5}}}},"branchMap":{},"s":{"0":1,"1":0,"2":0,"3":1},"f":{"0":0,"1":0},"b":{}}
,"/home/jeff/projects/personal/kafka-processor-service/src/logger/Log.ts": {"path":"/home/jeff/projects/personal/kafka-processor-service/src/logger/Log.ts","statementMap":{"0":{"start":{"line":1,"column":0},"end":{"line":1,"column":30}},"1":{"start":{"line":7,"column":8},"end":{"line":7,"column":null}},"2":{"start":{"line":11,"column":8},"end":{"line":11,"column":36}},"3":{"start":{"line":15,"column":8},"end":{"line":15,"column":35}},"4":{"start":{"line":19,"column":8},"end":{"line":19,"column":36}},"5":{"start":{"line":23,"column":8},"end":{"line":23,"column":35}},"6":{"start":{"line":4,"column":0},"end":{"line":4,"column":13}}},"fnMap":{"0":{"name":"(anonymous_1)","decl":{"start":{"line":6,"column":4},"end":{"line":6,"column":10}},"loc":{"start":{"line":6,"column":47},"end":{"line":8,"column":5}}},"1":{"name":"(anonymous_2)","decl":{"start":{"line":10,"column":4},"end":{"line":10,"column":10}},"loc":{"start":{"line":10,"column":48},"end":{"line":12,"column":5}}},"2":{"name":"(anonymous_3)","decl":{"start":{"line":14,"column":4},"end":{"line":14,"column":10}},"loc":{"start":{"line":14,"column":47},"end":{"line":16,"column":5}}},"3":{"name":"(anonymous_4)","decl":{"start":{"line":18,"column":4},"end":{"line":18,"column":10}},"loc":{"start":{"line":18,"column":48},"end":{"line":20,"column":5}}},"4":{"name":"(anonymous_5)","decl":{"start":{"line":22,"column":4},"end":{"line":22,"column":10}},"loc":{"start":{"line":22,"column":55},"end":{"line":24,"column":5}}}},"branchMap":{},"s":{"0":2,"1":2,"2":0,"3":0,"4":0,"5":0,"6":2},"f":{"0":2,"1":0,"2":0,"3":0,"4":0},"b":{}}
,"/home/jeff/projects/personal/kafka-processor-service/src/logger/logger.ts": {"path":"/home/jeff/projects/personal/kafka-processor-service/src/logger/logger.ts","statementMap":{"0":{"start":{"line":1,"column":0},"end":{"line":1,"column":51}},"1":{"start":{"line":2,"column":0},"end":{"line":2,"column":25}},"2":{"start":{"line":3,"column":0},"end":{"line":3,"column":23}},"3":{"start":{"line":5,"column":15},"end":{"line":17,"column":2}},"4":{"start":{"line":19,"column":0},"end":{"line":19,"column":22}}},"fnMap":{},"branchMap":{"0":{"loc":{"start":{"line":8,"column":16},"end":{"line":8,"column":71}},"type":"binary-expr","locations":[{"start":{"line":8,"column":16},"end":{"line":8,"column":42}},{"start":{"line":8,"column":46},"end":{"line":8,"column":71}}]}},"s":{"0":2,"1":2,"2":2,"3":2,"4":2},"f":{},"b":{"0":[2,0]}}
,"/home/jeff/projects/personal/kafka-processor-service/src/model/orderProcess/OrderProcessRepository.ts": {"path":"/home/jeff/projects/personal/kafka-processor-service/src/model/orderProcess/OrderProcessRepository.ts","statementMap":{"0":{"start":{"line":3,"column":0},"end":{"line":3,"column":64}},"1":{"start":{"line":7,"column":4},"end":{"line":14,"column":null}},"2":{"start":{"line":7,"column":61},"end":{"line":14,"column":null}},"3":{"start":{"line":8,"column":8},"end":{"line":13,"column":9}},"4":{"start":{"line":9,"column":26},"end":{"line":9,"column":82}},"5":{"start":{"line":10,"column":12},"end":{"line":10,"column":25}},"6":{"start":{"line":12,"column":12},"end":{"line":12,"column":116}},"7":{"start":{"line":16,"column":4},"end":{"line":23,"column":null}},"8":{"start":{"line":16,"column":40},"end":{"line":23,"column":null}},"9":{"start":{"line":17,"column":8},"end":{"line":22,"column":9}},"10":{"start":{"line":18,"column":33},"end":{"line":18,"column":87}},"11":{"start":{"line":19,"column":12},"end":{"line":19,"column":32}},"12":{"start":{"line":21,"column":12},"end":{"line":21,"column":117}},"13":{"start":{"line":25,"column":4},"end":{"line":32,"column":null}},"14":{"start":{"line":25,"column":50},"end":{"line":32,"column":null}},"15":{"start":{"line":26,"column":8},"end":{"line":31,"column":9}},"16":{"start":{"line":27,"column":33},"end":{"line":27,"column":123}},"17":{"start":{"line":28,"column":12},"end":{"line":28,"column":32}},"18":{"start":{"line":30,"column":12},"end":{"line":30,"column":130}},"19":{"start":{"line":34,"column":4},"end":{"line":43,"column":null}},"20":{"start":{"line":34,"column":109},"end":{"line":43,"column":null}},"21":{"start":{"line":35,"column":29},"end":{"line":35,"column":118}},"22":{"start":{"line":37,"column":8},"end":{"line":40,"column":9}},"23":{"start":{"line":38,"column":36},"end":{"line":38,"column":64}},"24":{"start":{"line":39,"column":12},"end":{"line":39,"column":50}},"25":{"start":{"line":42,"column":8},"end":{"line":42,"column":40}},"26":{"start":{"line":5,"column":0},"end":{"line":5,"column":13}}},"fnMap":{"0":{"name":"(anonymous_8)","decl":{"start":{"line":5,"column":0},"end":{"line":5,"column":13}},"loc":{"start":{"line":5,"column":0},"end":{"line":44,"column":1}}},"1":{"name":"(anonymous_9)","decl":{"start":{"line":7,"column":13},"end":{"line":7,"column":19}},"loc":{"start":{"line":7,"column":61},"end":{"line":14,"column":null}}},"2":{"name":"(anonymous_10)","decl":{"start":{"line":7,"column":61},"end":{"line":7,"column":null}},"loc":{"start":{"line":7,"column":61},"end":{"line":14,"column":5}}},"3":{"name":"(anonymous_11)","decl":{"start":{"line":16,"column":20},"end":{"line":16,"column":26}},"loc":{"start":{"line":16,"column":40},"end":{"line":23,"column":null}}},"4":{"name":"(anonymous_12)","decl":{"start":{"line":16,"column":40},"end":{"line":16,"column":null}},"loc":{"start":{"line":16,"column":40},"end":{"line":23,"column":5}}},"5":{"name":"(anonymous_13)","decl":{"start":{"line":25,"column":30},"end":{"line":25,"column":36}},"loc":{"start":{"line":25,"column":50},"end":{"line":32,"column":null}}},"6":{"name":"(anonymous_14)","decl":{"start":{"line":25,"column":50},"end":{"line":25,"column":null}},"loc":{"start":{"line":25,"column":50},"end":{"line":32,"column":5}}},"7":{"name":"(anonymous_15)","decl":{"start":{"line":34,"column":24},"end":{"line":34,"column":31}},"loc":{"start":{"line":34,"column":109},"end":{"line":43,"column":null}}},"8":{"name":"(anonymous_16)","decl":{"start":{"line":34,"column":109},"end":{"line":34,"column":null}},"loc":{"start":{"line":34,"column":109},"end":{"line":43,"column":5}}}},"branchMap":{"0":{"loc":{"start":{"line":12,"column":28},"end":{"line":12,"column":114}},"type":"cond-expr","locations":[{"start":{"line":12,"column":49},"end":{"line":12,"column":58}},{"start":{"line":12,"column":61},"end":{"line":12,"column":114}}]},"1":{"loc":{"start":{"line":21,"column":28},"end":{"line":21,"column":115}},"type":"cond-expr","locations":[{"start":{"line":21,"column":49},"end":{"line":21,"column":58}},{"start":{"line":21,"column":61},"end":{"line":21,"column":115}}]},"2":{"loc":{"start":{"line":30,"column":28},"end":{"line":30,"column":128}},"type":"cond-expr","locations":[{"start":{"line":30,"column":49},"end":{"line":30,"column":58}},{"start":{"line":30,"column":61},"end":{"line":30,"column":128}}]},"3":{"loc":{"start":{"line":37,"column":8},"end":{"line":40,"column":9}},"type":"if","locations":[{"start":{"line":37,"column":8},"end":{"line":40,"column":9}},{"start":{},"end":{}}]}},"s":{"0":1,"1":0,"2":0,"3":0,"4":0,"5":0,"6":0,"7":0,"8":0,"9":0,"10":0,"11":0,"12":0,"13":0,"14":0,"15":0,"16":0,"17":0,"18":0,"19":0,"20":0,"21":0,"22":0,"23":0,"24":0,"25":0,"26":1},"f":{"0":0,"1":0,"2":0,"3":0,"4":0,"5":0,"6":0,"7":0,"8":0},"b":{"0":[0,0],"1":[0,0],"2":[0,0],"3":[0,0]}}
,"/home/jeff/projects/personal/kafka-processor-service/src/model/orderProcess/OrderProcessStatus.ts": {"path":"/home/jeff/projects/personal/kafka-processor-service/src/model/orderProcess/OrderProcessStatus.ts","statementMap":{"0":{"start":{"line":1,"column":0},"end":{"line":1,"column":null}},"1":{"start":{"line":2,"column":4},"end":{"line":2,"column":null}},"2":{"start":{"line":3,"column":4},"end":{"line":3,"column":null}},"3":{"start":{"line":4,"column":4},"end":{"line":4,"column":null}}},"fnMap":{"0":{"name":"(anonymous_0)","decl":{"start":{"line":1,"column":0},"end":{"line":1,"column":12}},"loc":{"start":{"line":1,"column":25},"end":{"line":5,"column":1}}}},"branchMap":{"0":{"loc":{"start":{"line":1,"column":12},"end":{"line":1,"column":null}},"type":"binary-expr","locations":[{"start":{"line":1,"column":12},"end":{"line":1,"column":25}},{"start":{"line":1,"column":25},"end":{"line":1,"column":null}}]}},"s":{"0":1,"1":1,"2":1,"3":1},"f":{"0":1},"b":{"0":[1,1]}}
,"/home/jeff/projects/personal/kafka-processor-service/src/model/orderProcess/OrderProcessStatusSchema.ts": {"path":"/home/jeff/projects/personal/kafka-processor-service/src/model/orderProcess/OrderProcessStatusSchema.ts","statementMap":{"0":{"start":{"line":1,"column":0},"end":{"line":1,"column":41}},"1":{"start":{"line":2,"column":0},"end":{"line":2,"column":73}},"2":{"start":{"line":4,"column":33},"end":{"line":16,"column":2}},"3":{"start":{"line":18,"column":9},"end":{"line":18,"column":33}}},"fnMap":{},"branchMap":{},"s":{"0":1,"1":1,"2":1,"3":1},"f":{},"b":{}}
,"/home/jeff/projects/personal/kafka-processor-service/src/model/orderProcess/orderProcessStatusModel.ts": {"path":"/home/jeff/projects/personal/kafka-processor-service/src/model/orderProcess/orderProcessStatusModel.ts","statementMap":{"0":{"start":{"line":1,"column":0},"end":{"line":1,"column":33}},"1":{"start":{"line":2,"column":0},"end":{"line":2,"column":70}},"2":{"start":{"line":5,"column":32},"end":{"line":5,"column":105}},"3":{"start":{"line":7,"column":0},"end":{"line":7,"column":39}}},"fnMap":{},"branchMap":{},"s":{"0":1,"1":1,"2":1,"3":1},"f":{},"b":{}}
,"/home/jeff/projects/personal/kafka-processor-service/src/model/pedido/OrderModel.ts": {"path":"/home/jeff/projects/personal/kafka-processor-service/src/model/pedido/OrderModel.ts","statementMap":{"0":{"start":{"line":1,"column":0},"end":{"line":1,"column":33}},"1":{"start":{"line":2,"column":0},"end":{"line":2,"column":44}},"2":{"start":{"line":5,"column":19},"end":{"line":5,"column":54}},"3":{"start":{"line":7,"column":0},"end":{"line":7,"column":26}}},"fnMap":{},"branchMap":{},"s":{"0":1,"1":1,"2":1,"3":1},"f":{},"b":{}}
,"/home/jeff/projects/personal/kafka-processor-service/src/model/pedido/OrderSchema.ts": {"path":"/home/jeff/projects/personal/kafka-processor-service/src/model/pedido/OrderSchema.ts","statementMap":{"0":{"start":{"line":1,"column":0},"end":{"line":1,"column":34}},"1":{"start":{"line":4,"column":24},"end":{"line":8,"column":2}},"2":{"start":{"line":10,"column":13},"end":{"line":17,"column":3}}},"fnMap":{},"branchMap":{},"s":{"0":1,"1":1,"2":1},"f":{},"b":{}}
,"/home/jeff/projects/personal/kafka-processor-service/src/repository/OrderRepository.ts": {"path":"/home/jeff/projects/personal/kafka-processor-service/src/repository/OrderRepository.ts","statementMap":{"0":{"start":{"line":1,"column":0},"end":{"line":1,"column":52}},"1":{"start":{"line":6,"column":4},"end":{"line":14,"column":null}},"2":{"start":{"line":6,"column":57},"end":{"line":14,"column":null}},"3":{"start":{"line":7,"column":8},"end":{"line":13,"column":9}},"4":{"start":{"line":8,"column":26},"end":{"line":8,"column":60}},"5":{"start":{"line":10,"column":12},"end":{"line":10,"column":25}},"6":{"start":{"line":12,"column":12},"end":{"line":12,"column":55}},"7":{"start":{"line":16,"column":4},"end":{"line":23,"column":null}},"8":{"start":{"line":16,"column":42},"end":{"line":23,"column":null}},"9":{"start":{"line":17,"column":8},"end":{"line":22,"column":9}},"10":{"start":{"line":18,"column":27},"end":{"line":18,"column":57}},"11":{"start":{"line":19,"column":12},"end":{"line":19,"column":26}},"12":{"start":{"line":21,"column":12},"end":{"line":21,"column":45}},"13":{"start":{"line":25,"column":4},"end":{"line":32,"column":null}},"14":{"start":{"line":25,"column":59},"end":{"line":32,"column":null}},"15":{"start":{"line":26,"column":22},"end":{"line":26,"column":58}},"16":{"start":{"line":28,"column":8},"end":{"line":30,"column":9}},"17":{"start":{"line":29,"column":12},"end":{"line":29,"column":51}},"18":{"start":{"line":31,"column":8},"end":{"line":31,"column":21}},"19":{"start":{"line":34,"column":4},"end":{"line":41,"column":null}},"20":{"start":{"line":34,"column":76},"end":{"line":41,"column":null}},"21":{"start":{"line":35,"column":22},"end":{"line":35,"column":93}},"22":{"start":{"line":37,"column":8},"end":{"line":39,"column":9}},"23":{"start":{"line":38,"column":12},"end":{"line":38,"column":51}},"24":{"start":{"line":40,"column":8},"end":{"line":40,"column":21}},"25":{"start":{"line":43,"column":4},"end":{"line":46,"column":null}},"26":{"start":{"line":43,"column":51},"end":{"line":46,"column":null}},"27":{"start":{"line":44,"column":23},"end":{"line":44,"column":69}},"28":{"start":{"line":45,"column":8},"end":{"line":45,"column":41}},"29":{"start":{"line":48,"column":4},"end":{"line":58,"column":null}},"30":{"start":{"line":48,"column":82},"end":{"line":58,"column":null}},"31":{"start":{"line":49,"column":22},"end":{"line":49,"column":98}},"32":{"start":{"line":51,"column":8},"end":{"line":55,"column":9}},"33":{"start":{"line":52,"column":29},"end":{"line":52,"column":57}},"34":{"start":{"line":54,"column":12},"end":{"line":54,"column":43}},"35":{"start":{"line":57,"column":8},"end":{"line":57,"column":33}},"36":{"start":{"line":5,"column":0},"end":{"line":5,"column":13}},"37":{"start":{"line":61,"column":24},"end":{"line":61,"column":45}},"38":{"start":{"line":63,"column":9},"end":{"line":63,"column":24}}},"fnMap":{"0":{"name":"(anonymous_8)","decl":{"start":{"line":5,"column":0},"end":{"line":5,"column":13}},"loc":{"start":{"line":5,"column":0},"end":{"line":59,"column":1}}},"1":{"name":"(anonymous_9)","decl":{"start":{"line":6,"column":13},"end":{"line":6,"column":20}},"loc":{"start":{"line":6,"column":57},"end":{"line":14,"column":null}}},"2":{"name":"(anonymous_10)","decl":{"start":{"line":6,"column":57},"end":{"line":6,"column":null}},"loc":{"start":{"line":6,"column":57},"end":{"line":14,"column":5}}},"3":{"name":"(anonymous_11)","decl":{"start":{"line":16,"column":14},"end":{"line":16,"column":40}},"loc":{"start":{"line":16,"column":42},"end":{"line":23,"column":null}}},"4":{"name":"(anonymous_12)","decl":{"start":{"line":16,"column":42},"end":{"line":16,"column":null}},"loc":{"start":{"line":16,"column":42},"end":{"line":23,"column":5}}},"5":{"name":"(anonymous_13)","decl":{"start":{"line":25,"column":15},"end":{"line":25,"column":21}},"loc":{"start":{"line":25,"column":59},"end":{"line":32,"column":null}}},"6":{"name":"(anonymous_14)","decl":{"start":{"line":25,"column":59},"end":{"line":25,"column":null}},"loc":{"start":{"line":25,"column":59},"end":{"line":32,"column":5}}},"7":{"name":"(anonymous_15)","decl":{"start":{"line":34,"column":13},"end":{"line":34,"column":19}},"loc":{"start":{"line":34,"column":76},"end":{"line":41,"column":null}}},"8":{"name":"(anonymous_16)","decl":{"start":{"line":34,"column":76},"end":{"line":34,"column":null}},"loc":{"start":{"line":34,"column":76},"end":{"line":41,"column":5}}},"9":{"name":"(anonymous_17)","decl":{"start":{"line":43,"column":13},"end":{"line":43,"column":19}},"loc":{"start":{"line":43,"column":51},"end":{"line":46,"column":null}}},"10":{"name":"(anonymous_18)","decl":{"start":{"line":43,"column":51},"end":{"line":43,"column":null}},"loc":{"start":{"line":43,"column":51},"end":{"line":46,"column":5}}},"11":{"name":"(anonymous_19)","decl":{"start":{"line":48,"column":24},"end":{"line":48,"column":30}},"loc":{"start":{"line":48,"column":82},"end":{"line":58,"column":null}}},"12":{"name":"(anonymous_20)","decl":{"start":{"line":48,"column":82},"end":{"line":48,"column":null}},"loc":{"start":{"line":48,"column":82},"end":{"line":58,"column":5}}}},"branchMap":{"0":{"loc":{"start":{"line":28,"column":8},"end":{"line":30,"column":9}},"type":"if","locations":[{"start":{"line":28,"column":8},"end":{"line":30,"column":9}},{"start":{},"end":{}}]},"1":{"loc":{"start":{"line":37,"column":8},"end":{"line":39,"column":9}},"type":"if","locations":[{"start":{"line":37,"column":8},"end":{"line":39,"column":9}},{"start":{},"end":{}}]},"2":{"loc":{"start":{"line":51,"column":8},"end":{"line":55,"column":9}},"type":"if","locations":[{"start":{"line":51,"column":8},"end":{"line":55,"column":9}},{"start":{},"end":{}}]}},"s":{"0":1,"1":1,"2":0,"3":0,"4":0,"5":0,"6":0,"7":1,"8":0,"9":0,"10":0,"11":0,"12":0,"13":1,"14":0,"15":0,"16":0,"17":0,"18":0,"19":1,"20":0,"21":0,"22":0,"23":0,"24":0,"25":1,"26":0,"27":0,"28":0,"29":1,"30":0,"31":0,"32":0,"33":0,"34":0,"35":0,"36":1,"37":1,"38":1},"f":{"0":1,"1":0,"2":0,"3":0,"4":0,"5":0,"6":0,"7":0,"8":0,"9":0,"10":0,"11":0,"12":0},"b":{"0":[0,0],"1":[0,0],"2":[0,0]}}
,"/home/jeff/projects/personal/kafka-processor-service/src/services/kafka/error/KafkaMessageError.ts": {"path":"/home/jeff/projects/personal/kafka-processor-service/src/services/kafka/error/KafkaMessageError.ts","statementMap":{"0":{"start":{"line":6,"column":8},"end":{"line":6,"column":23}},"1":{"start":{"line":8,"column":8},"end":{"line":8,"column":40}},"2":{"start":{"line":9,"column":8},"end":{"line":9,"column":25}},"3":{"start":{"line":10,"column":8},"end":{"line":10,"column":39}},"4":{"start":{"line":12,"column":8},"end":{"line":12,"column":65}},"5":{"start":{"line":1,"column":0},"end":{"line":1,"column":21}}},"fnMap":{"0":{"name":"(anonymous_0)","decl":{"start":{"line":5,"column":4},"end":{"line":5,"column":16}},"loc":{"start":{"line":5,"column":69},"end":{"line":13,"column":5}}}},"branchMap":{},"s":{"0":0,"1":0,"2":0,"3":0,"4":0,"5":1},"f":{"0":0},"b":{}}
,"/home/jeff/projects/personal/kafka-processor-service/src/services/kafka/services/ConsumerService.ts": {"path":"/home/jeff/projects/personal/kafka-processor-service/src/services/kafka/services/ConsumerService.ts","statementMap":{"0":{"start":{"line":2,"column":0},"end":{"line":2,"column":null}},"1":{"start":{"line":9,"column":0},"end":{"line":9,"column":42}},"2":{"start":{"line":11,"column":0},"end":{"line":11,"column":55}},"3":{"start":{"line":18,"column":12},"end":{"line":18,"column":44}},"4":{"start":{"line":19,"column":12},"end":{"line":19,"column":58}},"5":{"start":{"line":14,"column":10},"end":{"line":14,"column":43}},"6":{"start":{"line":15,"column":10},"end":{"line":15,"column":37}},"7":{"start":{"line":22,"column":2},"end":{"line":31,"column":null}},"8":{"start":{"line":22,"column":39},"end":{"line":31,"column":null}},"9":{"start":{"line":23,"column":4},"end":{"line":30,"column":7}},"10":{"start":{"line":24,"column":8},"end":{"line":29,"column":9}},"11":{"start":{"line":25,"column":10},"end":{"line":25,"column":50}},"12":{"start":{"line":27,"column":10},"end":{"line":27,"column":58}},"13":{"start":{"line":28,"column":10},"end":{"line":28,"column":66}},"14":{"start":{"line":33,"column":2},"end":{"line":172,"column":4}},"15":{"start":{"line":33,"column":63},"end":{"line":172,"column":4}},"16":{"start":{"line":34,"column":4},"end":{"line":34,"column":26}},"17":{"start":{"line":36,"column":20},"end":{"line":162,"column":6}},"18":{"start":{"line":36,"column":31},"end":{"line":162,"column":6}},"19":{"start":{"line":37,"column":6},"end":{"line":161,"column":7}},"20":{"start":{"line":38,"column":8},"end":{"line":38,"column":46}},"21":{"start":{"line":39,"column":8},"end":{"line":39,"column":62}},"22":{"start":{"line":40,"column":8},"end":{"line":49,"column":11}},"23":{"start":{"line":51,"column":8},"end":{"line":145,"column":11}},"24":{"start":{"line":52,"column":65},"end":{"line":144,"column":null}},"25":{"start":{"line":54,"column":50},"end":{"line":54,"column":127}},"26":{"start":{"line":55,"column":14},"end":{"line":66,"column":15}},"27":{"start":{"line":56,"column":16},"end":{"line":64,"column":19}},"28":{"start":{"line":65,"column":16},"end":{"line":65,"column":23}},"29":{"start":{"line":68,"column":14},"end":{"line":79,"column":15}},"30":{"start":{"line":69,"column":16},"end":{"line":77,"column":19}},"31":{"start":{"line":78,"column":16},"end":{"line":78,"column":23}},"32":{"start":{"line":81,"column":14},"end":{"line":143,"column":15}},"33":{"start":{"line":84,"column":39},"end":{"line":84,"column":79}},"34":{"start":{"line":85,"column":18},"end":{"line":96,"column":19}},"35":{"start":{"line":86,"column":45},"end":{"line":94,"column":null}},"36":{"start":{"line":95,"column":20},"end":{"line":95,"column":82}},"37":{"start":{"line":98,"column":39},"end":{"line":98,"column":108}},"38":{"start":{"line":100,"column":18},"end":{"line":112,"column":19}},"39":{"start":{"line":101,"column":45},"end":{"line":109,"column":null}},"40":{"start":{"line":110,"column":20},"end":{"line":110,"column":70}},"41":{"start":{"line":111,"column":20},"end":{"line":111,"column":27}},"42":{"start":{"line":116,"column":18},"end":{"line":128,"column":19}},"43":{"start":{"line":117,"column":20},"end":{"line":117,"column":96}},"44":{"start":{"line":118,"column":45},"end":{"line":126,"column":null}},"45":{"start":{"line":127,"column":20},"end":{"line":127,"column":72}},"46":{"start":{"line":132,"column":43},"end":{"line":141,"column":null}},"47":{"start":{"line":142,"column":18},"end":{"line":142,"column":68}},"48":{"start":{"line":148,"column":22},"end":{"line":148,"column":75}},"49":{"start":{"line":150,"column":8},"end":{"line":160,"column":9}},"50":{"start":{"line":151,"column":12},"end":{"line":158,"column":15}},"51":{"start":{"line":159,"column":12},"end":{"line":159,"column":38}},"52":{"start":{"line":164,"column":4},"end":{"line":164,"column":20}},"53":{"start":{"line":166,"column":4},"end":{"line":171,"column":7}},"54":{"start":{"line":166,"column":35},"end":{"line":171,"column":6}},"55":{"start":{"line":167,"column":8},"end":{"line":167,"column":31}},"56":{"start":{"line":168,"column":8},"end":{"line":170,"column":9}},"57":{"start":{"line":169,"column":12},"end":{"line":169,"column":50}},"58":{"start":{"line":174,"column":2},"end":{"line":185,"column":null}},"59":{"start":{"line":174,"column":20},"end":{"line":185,"column":null}},"60":{"start":{"line":175,"column":4},"end":{"line":175,"column":27}},"61":{"start":{"line":176,"column":4},"end":{"line":184,"column":5}},"62":{"start":{"line":177,"column":8},"end":{"line":177,"column":46}},"63":{"start":{"line":178,"column":8},"end":{"line":178,"column":29}},"64":{"start":{"line":179,"column":8},"end":{"line":183,"column":11}},"65":{"start":{"line":13,"column":0},"end":{"line":13,"column":21}}},"fnMap":{"0":{"name":"(anonymous_7)","decl":{"start":{"line":17,"column":2},"end":{"line":17,"column":null}},"loc":{"start":{"line":19,"column":58},"end":{"line":20,"column":6}}},"1":{"name":"(anonymous_8)","decl":{"start":{"line":22,"column":29},"end":{"line":22,"column":37}},"loc":{"start":{"line":22,"column":39},"end":{"line":31,"column":null}}},"2":{"name":"(anonymous_9)","decl":{"start":{"line":22,"column":39},"end":{"line":22,"column":null}},"loc":{"start":{"line":22,"column":39},"end":{"line":31,"column":3}}},"3":{"name":"(anonymous_10)","decl":{"start":{"line":33,"column":19},"end":{"line":33,"column":26}},"loc":{"start":{"line":33,"column":63},"end":{"line":172,"column":4}}},"4":{"name":"(anonymous_11)","decl":{"start":{"line":33,"column":63},"end":{"line":33,"column":null}},"loc":{"start":{"line":33,"column":63},"end":{"line":172,"column":3}}},"5":{"name":"(anonymous_12)","decl":{"start":{"line":36,"column":20},"end":{"line":36,"column":29}},"loc":{"start":{"line":36,"column":31},"end":{"line":162,"column":6}}},"6":{"name":"(anonymous_13)","decl":{"start":{"line":36,"column":31},"end":{"line":36,"column":null}},"loc":{"start":{"line":36,"column":31},"end":{"line":162,"column":5}}},"7":{"name":"(anonymous_14)","decl":{"start":{"line":52,"column":25},"end":{"line":52,"column":32}},"loc":{"start":{"line":52,"column":65},"end":{"line":144,"column":null}}},"8":{"name":"(anonymous_15)","decl":{"start":{"line":52,"column":65},"end":{"line":52,"column":null}},"loc":{"start":{"line":52,"column":61},"end":{"line":144,"column":13}}},"9":{"name":"(anonymous_16)","decl":{"start":{"line":166,"column":25},"end":{"line":166,"column":33}},"loc":{"start":{"line":166,"column":35},"end":{"line":171,"column":6}}},"10":{"name":"(anonymous_17)","decl":{"start":{"line":166,"column":35},"end":{"line":166,"column":null}},"loc":{"start":{"line":166,"column":35},"end":{"line":171,"column":5}}},"11":{"name":"(anonymous_18)","decl":{"start":{"line":174,"column":9},"end":{"line":174,"column":18}},"loc":{"start":{"line":174,"column":20},"end":{"line":185,"column":null}}},"12":{"name":"(anonymous_19)","decl":{"start":{"line":174,"column":20},"end":{"line":174,"column":null}},"loc":{"start":{"line":174,"column":20},"end":{"line":185,"column":3}}}},"branchMap":{"0":{"loc":{"start":{"line":23,"column":4},"end":{"line":30,"column":7}},"type":"if","locations":[{"start":{"line":23,"column":4},"end":{"line":30,"column":7}},{"start":{},"end":{}}]},"1":{"loc":{"start":{"line":54,"column":50},"end":{"line":54,"column":127}},"type":"cond-expr","locations":[{"start":{"line":54,"column":66},"end":{"line":54,"column":122}},{"start":{"line":54,"column":125},"end":{"line":54,"column":127}}]},"2":{"loc":{"start":{"line":55,"column":14},"end":{"line":66,"column":15}},"type":"if","locations":[{"start":{"line":55,"column":14},"end":{"line":66,"column":15}},{"start":{},"end":{}}]},"3":{"loc":{"start":{"line":68,"column":14},"end":{"line":79,"column":15}},"type":"if","locations":[{"start":{"line":68,"column":14},"end":{"line":79,"column":15}},{"start":{},"end":{}}]},"4":{"loc":{"start":{"line":85,"column":18},"end":{"line":96,"column":19}},"type":"if","locations":[{"start":{"line":85,"column":18},"end":{"line":96,"column":19}},{"start":{},"end":{}}]},"5":{"loc":{"start":{"line":100,"column":18},"end":{"line":112,"column":19}},"type":"if","locations":[{"start":{"line":100,"column":18},"end":{"line":112,"column":19}},{"start":{},"end":{}}]},"6":{"loc":{"start":{"line":116,"column":18},"end":{"line":128,"column":19}},"type":"if","locations":[{"start":{"line":116,"column":18},"end":{"line":128,"column":19}},{"start":{},"end":{}}]},"7":{"loc":{"start":{"line":148,"column":22},"end":{"line":148,"column":75}},"type":"cond-expr","locations":[{"start":{"line":148,"column":43},"end":{"line":148,"column":52}},{"start":{"line":148,"column":55},"end":{"line":148,"column":75}}]},"8":{"loc":{"start":{"line":150,"column":8},"end":{"line":160,"column":9}},"type":"if","locations":[{"start":{"line":150,"column":8},"end":{"line":160,"column":9}},{"start":{},"end":{}}]},"9":{"loc":{"start":{"line":168,"column":8},"end":{"line":170,"column":9}},"type":"if","locations":[{"start":{"line":168,"column":8},"end":{"line":170,"column":9}},{"start":{},"end":{}}]},"10":{"loc":{"start":{"line":176,"column":4},"end":{"line":184,"column":5}},"type":"if","locations":[{"start":{"line":176,"column":4},"end":{"line":184,"column":5}},{"start":{},"end":{}}]}},"s":{"0":1,"1":1,"2":1,"3":1,"4":1,"5":1,"6":1,"7":1,"8":0,"9":0,"10":0,"11":0,"12":0,"13":0,"14":1,"15":0,"16":0,"17":0,"18":0,"19":0,"20":0,"21":0,"22":0,"23":0,"24":0,"25":0,"26":0,"27":0,"28":0,"29":0,"30":0,"31":0,"32":0,"33":0,"34":0,"35":0,"36":0,"37":0,"38":0,"39":0,"40":0,"41":0,"42":0,"43":0,"44":0,"45":0,"46":0,"47":0,"48":0,"49":0,"50":0,"51":0,"52":0,"53":0,"54":0,"55":0,"56":0,"57":0,"58":1,"59":0,"60":0,"61":0,"62":0,"63":0,"64":0,"65":1},"f":{"0":1,"1":0,"2":0,"3":0,"4":0,"5":0,"6":0,"7":0,"8":0,"9":0,"10":0,"11":0,"12":0},"b":{"0":[0,0],"1":[0,0],"2":[0,0],"3":[0,0],"4":[0,0],"5":[0,0],"6":[0,0],"7":[0,0],"8":[0,0],"9":[0,0],"10":[0,0]}}
,"/home/jeff/projects/personal/kafka-processor-service/src/services/kafka/services/ProducerService.ts": {"path":"/home/jeff/projects/personal/kafka-processor-service/src/services/kafka/services/ProducerService.ts","statementMap":{"0":{"start":{"line":1,"column":0},"end":{"line":1,"column":79}},"1":{"start":{"line":2,"column":0},"end":{"line":2,"column":96}},"2":{"start":{"line":3,"column":0},"end":{"line":3,"column":45}},"3":{"start":{"line":4,"column":0},"end":{"line":4,"column":59}},"4":{"start":{"line":5,"column":0},"end":{"line":5,"column":42}},"5":{"start":{"line":14,"column":4},"end":{"line":35,"column":null}},"6":{"start":{"line":14,"column":64},"end":{"line":35,"column":null}},"7":{"start":{"line":15,"column":35},"end":{"line":15,"column":57}},"8":{"start":{"line":16,"column":8},"end":{"line":19,"column":11}},"9":{"start":{"line":21,"column":8},"end":{"line":34,"column":9}},"10":{"start":{"line":22,"column":12},"end":{"line":22,"column":41}},"11":{"start":{"line":23,"column":12},"end":{"line":26,"column":15}},"12":{"start":{"line":27,"column":12},"end":{"line":27,"column":24}},"13":{"start":{"line":30,"column":12},"end":{"line":30,"column":70}},"14":{"start":{"line":33,"column":12},"end":{"line":33,"column":47}},"15":{"start":{"line":38,"column":8},"end":{"line":49,"column":9}},"16":{"start":{"line":40,"column":16},"end":{"line":40,"column":40}},"17":{"start":{"line":40,"column":33},"end":{"line":40,"column":38}},"18":{"start":{"line":41,"column":16},"end":{"line":41,"column":45}},"19":{"start":{"line":42,"column":16},"end":{"line":45,"column":19}},"20":{"start":{"line":46,"column":16},"end":{"line":46,"column":43}},"21":{"start":{"line":48,"column":16},"end":{"line":48,"column":79}},"22":{"start":{"line":7,"column":0},"end":{"line":7,"column":21}}},"fnMap":{"0":{"name":"(anonymous_8)","decl":{"start":{"line":7,"column":0},"end":{"line":7,"column":21}},"loc":{"start":{"line":7,"column":0},"end":{"line":51,"column":1}}},"1":{"name":"(anonymous_9)","decl":{"start":{"line":14,"column":21},"end":{"line":14,"column":28}},"loc":{"start":{"line":14,"column":64},"end":{"line":35,"column":null}}},"2":{"name":"(anonymous_10)","decl":{"start":{"line":14,"column":64},"end":{"line":14,"column":null}},"loc":{"start":{"line":14,"column":64},"end":{"line":35,"column":5}}},"3":{"name":"(anonymous_11)","decl":{"start":{"line":37,"column":10},"end":{"line":37,"column":22}},"loc":{"start":{"line":37,"column":87},"end":{"line":50,"column":null}}},"4":{"name":"(anonymous_13)","decl":{"start":{"line":40,"column":27},"end":{"line":40,"column":30}},"loc":{"start":{"line":40,"column":33},"end":{"line":40,"column":38}}}},"branchMap":{"0":{"loc":{"start":{"line":38,"column":8},"end":{"line":49,"column":9}},"type":"switch","locations":[{"start":{"line":39,"column":12},"end":{"line":46,"column":43}},{"start":{"line":47,"column":12},"end":{"line":48,"column":79}}]}},"s":{"0":1,"1":1,"2":1,"3":1,"4":1,"5":2,"6":2,"7":2,"8":2,"9":2,"10":2,"11":2,"12":2,"13":0,"14":2,"15":0,"16":0,"17":0,"18":0,"19":0,"20":0,"21":0,"22":1},"f":{"0":2,"1":2,"2":2,"3":0,"4":0},"b":{"0":[0,0]}}
}
